Beginning Evaluation!
Generating Confusion Matrix

Total classified: 4
Total correctly classified: 4
Total incorrectly classified: 0
Accuracy: 100.00%
Error rate: 0.00%

Printing Confusion Matrix
Matrix headers: Pred(column) vs Actual(row)
Header values/indices for rows & columns: {'F': 0, 'T': 1}

[[2, 0], [0, 2]] 


Total classified: 4
Total correctly classified: 4
Total incorrectly classified: 0
Accuracy: 100.00%
Error rate: 0.00%

Printing Confusion Matrix
Matrix headers: Pred(column) vs Actual(row)
Header values/indices for rows & columns: {'F': 0, 'T': 1}

[[4, 0], [0, 4]] 


Total classified: 4
Total correctly classified: 4
Total incorrectly classified: 0
Accuracy: 100.00%
Error rate: 0.00%

Printing Confusion Matrix
Matrix headers: Pred(column) vs Actual(row)
Header values/indices for rows & columns: {'F': 0, 'T': 1}

[[6, 0], [0, 6]] 


Total classified: 4
Total correctly classified: 4
Total incorrectly classified: 0
Accuracy: 100.00%
Error rate: 0.00%

Printing Confusion Matrix
Matrix headers: Pred(column) vs Actual(row)
Header values/indices for rows & columns: {'F': 0, 'T': 1}

[[9, 0], [0, 7]] 


Total classified: 4
Total correctly classified: 4
Total incorrectly classified: 0
Accuracy: 100.00%
Error rate: 0.00%

Printing Confusion Matrix
Matrix headers: Pred(column) vs Actual(row)
Header values/indices for rows & columns: {'F': 0, 'T': 1}

[[12, 0], [0, 8]] 

Overall Accuracy: 100.00%
Overall Error Rate: 0.00%
Overall confusion Matrix: [[33, 0], [0, 27]]
